<?xml version="1.0" encoding="UTF-8" ?>
<testsuite failures="2" time="2,067.381" errors="0" skipped="0" tests="2" name="com.homeshop18.hadoop.test.TestUrlClickCount">
  <properties>
    <property name="java.runtime.name" value="Java(TM) SE Runtime Environment"/>
    <property name="sun.boot.library.path" value="C:\d_drive\devel\jdk1.6.0_26\jre\bin"/>
    <property name="java.vm.version" value="20.1-b02"/>
    <property name="java.vm.vendor" value="Sun Microsystems Inc."/>
    <property name="java.vendor.url" value="http://java.sun.com/"/>
    <property name="path.separator" value=";"/>
    <property name="java.vm.name" value="Java HotSpot(TM) 64-Bit Server VM"/>
    <property name="file.encoding.pkg" value="sun.io"/>
    <property name="user.country" value="IN"/>
    <property name="sun.java.launcher" value="SUN_STANDARD"/>
    <property name="sun.os.patch.level" value="Service Pack 1"/>
    <property name="java.vm.specification.name" value="Java Virtual Machine Specification"/>
    <property name="user.dir" value="C:\d_drive\devel\hadoop\hadoop-git\hadoop-sample"/>
    <property name="java.runtime.version" value="1.6.0_26-b03"/>
    <property name="java.awt.graphicsenv" value="sun.awt.Win32GraphicsEnvironment"/>
    <property name="basedir" value="C:\d_drive\devel\hadoop\hadoop-git\hadoop-sample"/>
    <property name="java.endorsed.dirs" value="C:\d_drive\devel\jdk1.6.0_26\jre\lib\endorsed"/>
    <property name="os.arch" value="amd64"/>
    <property name="surefire.real.class.path" value="C:\d_drive\devel\hadoop\hadoop-git\hadoop-sample\target\surefire\surefirebooter3952395650114025464.jar"/>
    <property name="java.io.tmpdir" value="C:\Users\anand.vm\AppData\Local\Temp\"/>
    <property name="line.separator" value="
"/>
    <property name="java.vm.specification.vendor" value="Sun Microsystems Inc."/>
    <property name="user.variant" value=""/>
    <property name="os.name" value="Windows 7"/>
    <property name="sun.jnu.encoding" value="Cp1252"/>
    <property name="java.library.path" value="C:\d_drive\devel\jdk1.6.0_26\jre\bin;C:\Windows\Sun\Java\bin;C:\Windows\system32;C:\Windows;C:\Program Files\Common Files\Microsoft Shared\Windows Live;C:\Program Files (x86)\Common Files\Microsoft Shared\Windows Live;C:\Program Files\Dell\DW WLAN Card;C:\Windows\system32;C:\Windows;C:\Windows\System32\Wbem;C:\Windows\System32\WindowsPowerShell\v1.0\;C:\Program Files\WIDCOMM\Bluetooth Software\;C:\Program Files\WIDCOMM\Bluetooth Software\syswow64;C:\Program Files (x86)\Intel\Services\IPT\;C:\Program Files\Dell\Dell Data Protection\Access\Advanced\Wave\Gemalto\Access Client\v5\;C:\Program Files (x86)\NTRU Cryptosystems\NTRU TCG Software Stack\bin\;C:\Program Files\NTRU Cryptosystems\NTRU TCG Software Stack\bin\;C:\Program Files (x86)\Windows Live\Shared;C:\Program Files (x86)\Common Files\Roxio Shared\DLLShared\;C:\Program Files (x86)\Common Files\Roxio Shared\OEM\DLLShared\;C:\Program Files (x86)\Common Files\Roxio Shared\OEM\DLLShared\;C:\Program Files (x86)\Common Files\Roxio Shared\OEM\12.0\DLLShared\;C:\Program Files (x86)\Roxio\OEM\AudioCore\;C:\Program Files\Mercurial\bin;D:\devel\maven\apache-maven-3.0.4\bin;C:\Program Files\SlikSvn\bin;D:\Softwares\cygwin\bin;D:\Softwares\cygwin\usr\sbin;c:\d_drive\devel\maven\apache-maven-3.0.4\bin;c:\d_drive\devel\jdk1.7.0_03\bin;D:\Softwares\protoc-2.4.1-win32;C:\Windows\Microsoft.NET\Framework64\v4.0.30319;C:\d_drive\Softwares\apache-ant-1.9.0\bin;C:\Program Files\MySQL\MySQL Server 5.0\bin;."/>
    <property name="surefire.test.class.path" value="C:\d_drive\devel\hadoop\hadoop-git\hadoop-sample\target\test-classes;C:\d_drive\devel\hadoop\hadoop-git\hadoop-sample\target\classes;C:\m2\repository_09Dec\junit\junit\4.10\junit-4.10.jar;C:\m2\repository_09Dec\org\hamcrest\hamcrest-core\1.1\hamcrest-core-1.1.jar;C:\m2\repository_09Dec\org\apache\hadoop\hadoop-mapreduce-client-core\2.2.0\hadoop-mapreduce-client-core-2.2.0.jar;C:\m2\repository_09Dec\org\apache\hadoop\hadoop-yarn-common\2.2.0\hadoop-yarn-common-2.2.0.jar;C:\m2\repository_09Dec\org\apache\hadoop\hadoop-yarn-api\2.2.0\hadoop-yarn-api-2.2.0.jar;C:\m2\repository_09Dec\com\google\inject\guice\3.0\guice-3.0.jar;C:\m2\repository_09Dec\javax\inject\javax.inject\1\javax.inject-1.jar;C:\m2\repository_09Dec\aopalliance\aopalliance\1.0\aopalliance-1.0.jar;C:\m2\repository_09Dec\com\sun\jersey\jersey-test-framework\jersey-test-framework-grizzly2\1.9\jersey-test-framework-grizzly2-1.9.jar;C:\m2\repository_09Dec\com\sun\jersey\jersey-test-framework\jersey-test-framework-core\1.9\jersey-test-framework-core-1.9.jar;C:\m2\repository_09Dec\javax\servlet\javax.servlet-api\3.0.1\javax.servlet-api-3.0.1.jar;C:\m2\repository_09Dec\com\sun\jersey\jersey-client\1.9\jersey-client-1.9.jar;C:\m2\repository_09Dec\com\sun\jersey\jersey-grizzly2\1.9\jersey-grizzly2-1.9.jar;C:\m2\repository_09Dec\org\glassfish\grizzly\grizzly-http\2.1.2\grizzly-http-2.1.2.jar;C:\m2\repository_09Dec\org\glassfish\grizzly\grizzly-framework\2.1.2\grizzly-framework-2.1.2.jar;C:\m2\repository_09Dec\org\glassfish\gmbal\gmbal-api-only\3.0.0-b023\gmbal-api-only-3.0.0-b023.jar;C:\m2\repository_09Dec\org\glassfish\external\management-api\3.0.0-b012\management-api-3.0.0-b012.jar;C:\m2\repository_09Dec\org\glassfish\grizzly\grizzly-http-server\2.1.2\grizzly-http-server-2.1.2.jar;C:\m2\repository_09Dec\org\glassfish\grizzly\grizzly-rcm\2.1.2\grizzly-rcm-2.1.2.jar;C:\m2\repository_09Dec\org\glassfish\grizzly\grizzly-http-servlet\2.1.2\grizzly-http-servlet-2.1.2.jar;C:\m2\repository_09Dec\org\glassfish\javax.servlet\3.1\javax.servlet-3.1.jar;C:\m2\repository_09Dec\com\sun\jersey\contribs\jersey-guice\1.9\jersey-guice-1.9.jar;C:\m2\repository_09Dec\com\google\protobuf\protobuf-java\2.5.0\protobuf-java-2.5.0.jar;C:\m2\repository_09Dec\org\apache\avro\avro\1.7.4\avro-1.7.4.jar;C:\m2\repository_09Dec\com\thoughtworks\paranamer\paranamer\2.3\paranamer-2.3.jar;C:\m2\repository_09Dec\org\xerial\snappy\snappy-java\1.0.4.1\snappy-java-1.0.4.1.jar;C:\m2\repository_09Dec\org\slf4j\slf4j-api\1.7.5\slf4j-api-1.7.5.jar;C:\m2\repository_09Dec\org\slf4j\slf4j-log4j12\1.7.5\slf4j-log4j12-1.7.5.jar;C:\m2\repository_09Dec\com\google\inject\extensions\guice-servlet\3.0\guice-servlet-3.0.jar;C:\m2\repository_09Dec\io\netty\netty\3.6.2.Final\netty-3.6.2.Final.jar;C:\m2\repository_09Dec\org\apache\hadoop\hadoop-common\2.2.0\hadoop-common-2.2.0.jar;C:\m2\repository_09Dec\com\google\guava\guava\11.0.2\guava-11.0.2.jar;C:\m2\repository_09Dec\com\google\code\findbugs\jsr305\1.3.9\jsr305-1.3.9.jar;C:\m2\repository_09Dec\commons-cli\commons-cli\1.2\commons-cli-1.2.jar;C:\m2\repository_09Dec\org\apache\commons\commons-math\2.1\commons-math-2.1.jar;C:\m2\repository_09Dec\xmlenc\xmlenc\0.52\xmlenc-0.52.jar;C:\m2\repository_09Dec\commons-httpclient\commons-httpclient\3.1\commons-httpclient-3.1.jar;C:\m2\repository_09Dec\commons-codec\commons-codec\1.4\commons-codec-1.4.jar;C:\m2\repository_09Dec\commons-io\commons-io\2.1\commons-io-2.1.jar;C:\m2\repository_09Dec\commons-net\commons-net\3.1\commons-net-3.1.jar;C:\m2\repository_09Dec\javax\servlet\servlet-api\2.5\servlet-api-2.5.jar;C:\m2\repository_09Dec\org\mortbay\jetty\jetty\6.1.26\jetty-6.1.26.jar;C:\m2\repository_09Dec\org\mortbay\jetty\jetty-util\6.1.26\jetty-util-6.1.26.jar;C:\m2\repository_09Dec\com\sun\jersey\jersey-core\1.9\jersey-core-1.9.jar;C:\m2\repository_09Dec\com\sun\jersey\jersey-json\1.9\jersey-json-1.9.jar;C:\m2\repository_09Dec\org\codehaus\jettison\jettison\1.1\jettison-1.1.jar;C:\m2\repository_09Dec\stax\stax-api\1.0.1\stax-api-1.0.1.jar;C:\m2\repository_09Dec\com\sun\xml\bind\jaxb-impl\2.2.3-1\jaxb-impl-2.2.3-1.jar;C:\m2\repository_09Dec\javax\xml\bind\jaxb-api\2.2.2\jaxb-api-2.2.2.jar;C:\m2\repository_09Dec\javax\activation\activation\1.1\activation-1.1.jar;C:\m2\repository_09Dec\org\codehaus\jackson\jackson-jaxrs\1.8.3\jackson-jaxrs-1.8.3.jar;C:\m2\repository_09Dec\org\codehaus\jackson\jackson-xc\1.8.3\jackson-xc-1.8.3.jar;C:\m2\repository_09Dec\com\sun\jersey\jersey-server\1.9\jersey-server-1.9.jar;C:\m2\repository_09Dec\asm\asm\3.1\asm-3.1.jar;C:\m2\repository_09Dec\tomcat\jasper-compiler\5.5.23\jasper-compiler-5.5.23.jar;C:\m2\repository_09Dec\tomcat\jasper-runtime\5.5.23\jasper-runtime-5.5.23.jar;C:\m2\repository_09Dec\javax\servlet\jsp\jsp-api\2.1\jsp-api-2.1.jar;C:\m2\repository_09Dec\commons-el\commons-el\1.0\commons-el-1.0.jar;C:\m2\repository_09Dec\commons-logging\commons-logging\1.1.1\commons-logging-1.1.1.jar;C:\m2\repository_09Dec\log4j\log4j\1.2.17\log4j-1.2.17.jar;C:\m2\repository_09Dec\net\java\dev\jets3t\jets3t\0.6.1\jets3t-0.6.1.jar;C:\m2\repository_09Dec\commons-lang\commons-lang\2.5\commons-lang-2.5.jar;C:\m2\repository_09Dec\commons-configuration\commons-configuration\1.6\commons-configuration-1.6.jar;C:\m2\repository_09Dec\commons-collections\commons-collections\3.2.1\commons-collections-3.2.1.jar;C:\m2\repository_09Dec\commons-digester\commons-digester\1.8\commons-digester-1.8.jar;C:\m2\repository_09Dec\commons-beanutils\commons-beanutils\1.7.0\commons-beanutils-1.7.0.jar;C:\m2\repository_09Dec\commons-beanutils\commons-beanutils-core\1.8.0\commons-beanutils-core-1.8.0.jar;C:\m2\repository_09Dec\org\codehaus\jackson\jackson-core-asl\1.8.8\jackson-core-asl-1.8.8.jar;C:\m2\repository_09Dec\org\codehaus\jackson\jackson-mapper-asl\1.8.8\jackson-mapper-asl-1.8.8.jar;C:\m2\repository_09Dec\org\apache\hadoop\hadoop-auth\2.2.0\hadoop-auth-2.2.0.jar;C:\m2\repository_09Dec\com\jcraft\jsch\0.1.42\jsch-0.1.42.jar;C:\m2\repository_09Dec\org\apache\zookeeper\zookeeper\3.4.5\zookeeper-3.4.5.jar;C:\m2\repository_09Dec\org\apache\commons\commons-compress\1.4.1\commons-compress-1.4.1.jar;C:\m2\repository_09Dec\org\tukaani\xz\1.0\xz-1.0.jar;C:\m2\repository_09Dec\org\apache\hadoop\hadoop-hdfs\2.2.0\hadoop-hdfs-2.2.0.jar;C:\m2\repository_09Dec\commons-daemon\commons-daemon\1.0.13\commons-daemon-1.0.13.jar;C:\m2\repository_09Dec\org\apache\hadoop\hadoop-annotations\2.2.0\hadoop-annotations-2.2.0.jar;C:\d_drive\devel\jdk1.6.0_26\jre\..\lib\tools.jar;C:\m2\repository_09Dec\org\apache\mrunit\mrunit\0.9.0-incubating\mrunit-0.9.0-incubating-hadoop2.jar;C:\m2\repository_09Dec\org\mockito\mockito-all\1.8.5\mockito-all-1.8.5.jar;"/>
    <property name="java.specification.name" value="Java Platform API Specification"/>
    <property name="java.class.version" value="50.0"/>
    <property name="sun.management.compiler" value="HotSpot 64-Bit Tiered Compilers"/>
    <property name="os.version" value="6.1"/>
    <property name="user.home" value="C:\Users\anand.vm"/>
    <property name="user.timezone" value=""/>
    <property name="java.awt.printerjob" value="sun.awt.windows.WPrinterJob"/>
    <property name="java.specification.version" value="1.6"/>
    <property name="file.encoding" value="Cp1252"/>
    <property name="user.name" value="Anand.VM"/>
    <property name="java.class.path" value="C:\d_drive\devel\hadoop\hadoop-git\hadoop-sample\target\test-classes;C:\d_drive\devel\hadoop\hadoop-git\hadoop-sample\target\classes;C:\m2\repository_09Dec\junit\junit\4.10\junit-4.10.jar;C:\m2\repository_09Dec\org\hamcrest\hamcrest-core\1.1\hamcrest-core-1.1.jar;C:\m2\repository_09Dec\org\apache\hadoop\hadoop-mapreduce-client-core\2.2.0\hadoop-mapreduce-client-core-2.2.0.jar;C:\m2\repository_09Dec\org\apache\hadoop\hadoop-yarn-common\2.2.0\hadoop-yarn-common-2.2.0.jar;C:\m2\repository_09Dec\org\apache\hadoop\hadoop-yarn-api\2.2.0\hadoop-yarn-api-2.2.0.jar;C:\m2\repository_09Dec\com\google\inject\guice\3.0\guice-3.0.jar;C:\m2\repository_09Dec\javax\inject\javax.inject\1\javax.inject-1.jar;C:\m2\repository_09Dec\aopalliance\aopalliance\1.0\aopalliance-1.0.jar;C:\m2\repository_09Dec\com\sun\jersey\jersey-test-framework\jersey-test-framework-grizzly2\1.9\jersey-test-framework-grizzly2-1.9.jar;C:\m2\repository_09Dec\com\sun\jersey\jersey-test-framework\jersey-test-framework-core\1.9\jersey-test-framework-core-1.9.jar;C:\m2\repository_09Dec\javax\servlet\javax.servlet-api\3.0.1\javax.servlet-api-3.0.1.jar;C:\m2\repository_09Dec\com\sun\jersey\jersey-client\1.9\jersey-client-1.9.jar;C:\m2\repository_09Dec\com\sun\jersey\jersey-grizzly2\1.9\jersey-grizzly2-1.9.jar;C:\m2\repository_09Dec\org\glassfish\grizzly\grizzly-http\2.1.2\grizzly-http-2.1.2.jar;C:\m2\repository_09Dec\org\glassfish\grizzly\grizzly-framework\2.1.2\grizzly-framework-2.1.2.jar;C:\m2\repository_09Dec\org\glassfish\gmbal\gmbal-api-only\3.0.0-b023\gmbal-api-only-3.0.0-b023.jar;C:\m2\repository_09Dec\org\glassfish\external\management-api\3.0.0-b012\management-api-3.0.0-b012.jar;C:\m2\repository_09Dec\org\glassfish\grizzly\grizzly-http-server\2.1.2\grizzly-http-server-2.1.2.jar;C:\m2\repository_09Dec\org\glassfish\grizzly\grizzly-rcm\2.1.2\grizzly-rcm-2.1.2.jar;C:\m2\repository_09Dec\org\glassfish\grizzly\grizzly-http-servlet\2.1.2\grizzly-http-servlet-2.1.2.jar;C:\m2\repository_09Dec\org\glassfish\javax.servlet\3.1\javax.servlet-3.1.jar;C:\m2\repository_09Dec\com\sun\jersey\contribs\jersey-guice\1.9\jersey-guice-1.9.jar;C:\m2\repository_09Dec\com\google\protobuf\protobuf-java\2.5.0\protobuf-java-2.5.0.jar;C:\m2\repository_09Dec\org\apache\avro\avro\1.7.4\avro-1.7.4.jar;C:\m2\repository_09Dec\com\thoughtworks\paranamer\paranamer\2.3\paranamer-2.3.jar;C:\m2\repository_09Dec\org\xerial\snappy\snappy-java\1.0.4.1\snappy-java-1.0.4.1.jar;C:\m2\repository_09Dec\org\slf4j\slf4j-api\1.7.5\slf4j-api-1.7.5.jar;C:\m2\repository_09Dec\org\slf4j\slf4j-log4j12\1.7.5\slf4j-log4j12-1.7.5.jar;C:\m2\repository_09Dec\com\google\inject\extensions\guice-servlet\3.0\guice-servlet-3.0.jar;C:\m2\repository_09Dec\io\netty\netty\3.6.2.Final\netty-3.6.2.Final.jar;C:\m2\repository_09Dec\org\apache\hadoop\hadoop-common\2.2.0\hadoop-common-2.2.0.jar;C:\m2\repository_09Dec\com\google\guava\guava\11.0.2\guava-11.0.2.jar;C:\m2\repository_09Dec\com\google\code\findbugs\jsr305\1.3.9\jsr305-1.3.9.jar;C:\m2\repository_09Dec\commons-cli\commons-cli\1.2\commons-cli-1.2.jar;C:\m2\repository_09Dec\org\apache\commons\commons-math\2.1\commons-math-2.1.jar;C:\m2\repository_09Dec\xmlenc\xmlenc\0.52\xmlenc-0.52.jar;C:\m2\repository_09Dec\commons-httpclient\commons-httpclient\3.1\commons-httpclient-3.1.jar;C:\m2\repository_09Dec\commons-codec\commons-codec\1.4\commons-codec-1.4.jar;C:\m2\repository_09Dec\commons-io\commons-io\2.1\commons-io-2.1.jar;C:\m2\repository_09Dec\commons-net\commons-net\3.1\commons-net-3.1.jar;C:\m2\repository_09Dec\javax\servlet\servlet-api\2.5\servlet-api-2.5.jar;C:\m2\repository_09Dec\org\mortbay\jetty\jetty\6.1.26\jetty-6.1.26.jar;C:\m2\repository_09Dec\org\mortbay\jetty\jetty-util\6.1.26\jetty-util-6.1.26.jar;C:\m2\repository_09Dec\com\sun\jersey\jersey-core\1.9\jersey-core-1.9.jar;C:\m2\repository_09Dec\com\sun\jersey\jersey-json\1.9\jersey-json-1.9.jar;C:\m2\repository_09Dec\org\codehaus\jettison\jettison\1.1\jettison-1.1.jar;C:\m2\repository_09Dec\stax\stax-api\1.0.1\stax-api-1.0.1.jar;C:\m2\repository_09Dec\com\sun\xml\bind\jaxb-impl\2.2.3-1\jaxb-impl-2.2.3-1.jar;C:\m2\repository_09Dec\javax\xml\bind\jaxb-api\2.2.2\jaxb-api-2.2.2.jar;C:\m2\repository_09Dec\javax\activation\activation\1.1\activation-1.1.jar;C:\m2\repository_09Dec\org\codehaus\jackson\jackson-jaxrs\1.8.3\jackson-jaxrs-1.8.3.jar;C:\m2\repository_09Dec\org\codehaus\jackson\jackson-xc\1.8.3\jackson-xc-1.8.3.jar;C:\m2\repository_09Dec\com\sun\jersey\jersey-server\1.9\jersey-server-1.9.jar;C:\m2\repository_09Dec\asm\asm\3.1\asm-3.1.jar;C:\m2\repository_09Dec\tomcat\jasper-compiler\5.5.23\jasper-compiler-5.5.23.jar;C:\m2\repository_09Dec\tomcat\jasper-runtime\5.5.23\jasper-runtime-5.5.23.jar;C:\m2\repository_09Dec\javax\servlet\jsp\jsp-api\2.1\jsp-api-2.1.jar;C:\m2\repository_09Dec\commons-el\commons-el\1.0\commons-el-1.0.jar;C:\m2\repository_09Dec\commons-logging\commons-logging\1.1.1\commons-logging-1.1.1.jar;C:\m2\repository_09Dec\log4j\log4j\1.2.17\log4j-1.2.17.jar;C:\m2\repository_09Dec\net\java\dev\jets3t\jets3t\0.6.1\jets3t-0.6.1.jar;C:\m2\repository_09Dec\commons-lang\commons-lang\2.5\commons-lang-2.5.jar;C:\m2\repository_09Dec\commons-configuration\commons-configuration\1.6\commons-configuration-1.6.jar;C:\m2\repository_09Dec\commons-collections\commons-collections\3.2.1\commons-collections-3.2.1.jar;C:\m2\repository_09Dec\commons-digester\commons-digester\1.8\commons-digester-1.8.jar;C:\m2\repository_09Dec\commons-beanutils\commons-beanutils\1.7.0\commons-beanutils-1.7.0.jar;C:\m2\repository_09Dec\commons-beanutils\commons-beanutils-core\1.8.0\commons-beanutils-core-1.8.0.jar;C:\m2\repository_09Dec\org\codehaus\jackson\jackson-core-asl\1.8.8\jackson-core-asl-1.8.8.jar;C:\m2\repository_09Dec\org\codehaus\jackson\jackson-mapper-asl\1.8.8\jackson-mapper-asl-1.8.8.jar;C:\m2\repository_09Dec\org\apache\hadoop\hadoop-auth\2.2.0\hadoop-auth-2.2.0.jar;C:\m2\repository_09Dec\com\jcraft\jsch\0.1.42\jsch-0.1.42.jar;C:\m2\repository_09Dec\org\apache\zookeeper\zookeeper\3.4.5\zookeeper-3.4.5.jar;C:\m2\repository_09Dec\org\apache\commons\commons-compress\1.4.1\commons-compress-1.4.1.jar;C:\m2\repository_09Dec\org\tukaani\xz\1.0\xz-1.0.jar;C:\m2\repository_09Dec\org\apache\hadoop\hadoop-hdfs\2.2.0\hadoop-hdfs-2.2.0.jar;C:\m2\repository_09Dec\commons-daemon\commons-daemon\1.0.13\commons-daemon-1.0.13.jar;C:\m2\repository_09Dec\org\apache\hadoop\hadoop-annotations\2.2.0\hadoop-annotations-2.2.0.jar;C:\d_drive\devel\jdk1.6.0_26\jre\..\lib\tools.jar;C:\m2\repository_09Dec\org\apache\mrunit\mrunit\0.9.0-incubating\mrunit-0.9.0-incubating-hadoop2.jar;C:\m2\repository_09Dec\org\mockito\mockito-all\1.8.5\mockito-all-1.8.5.jar;"/>
    <property name="java.vm.specification.version" value="1.0"/>
    <property name="sun.arch.data.model" value="64"/>
    <property name="java.home" value="C:\d_drive\devel\jdk1.6.0_26\jre"/>
    <property name="sun.java.command" value="C:\d_drive\devel\hadoop\hadoop-git\hadoop-sample\target\surefire\surefirebooter3952395650114025464.jar C:\d_drive\devel\hadoop\hadoop-git\hadoop-sample\target\surefire\surefire2649302402540702517tmp C:\d_drive\devel\hadoop\hadoop-git\hadoop-sample\target\surefire\surefire442513112144181288tmp"/>
    <property name="java.specification.vendor" value="Sun Microsystems Inc."/>
    <property name="user.language" value="en"/>
    <property name="awt.toolkit" value="sun.awt.windows.WToolkit"/>
    <property name="java.vm.info" value="mixed mode"/>
    <property name="java.version" value="1.6.0_26"/>
    <property name="java.ext.dirs" value="C:\d_drive\devel\jdk1.6.0_26\jre\lib\ext;C:\Windows\Sun\Java\lib\ext"/>
    <property name="sun.boot.class.path" value="C:\d_drive\devel\jdk1.6.0_26\jre\lib\resources.jar;C:\d_drive\devel\jdk1.6.0_26\jre\lib\rt.jar;C:\d_drive\devel\jdk1.6.0_26\jre\lib\sunrsasign.jar;C:\d_drive\devel\jdk1.6.0_26\jre\lib\jsse.jar;C:\d_drive\devel\jdk1.6.0_26\jre\lib\jce.jar;C:\d_drive\devel\jdk1.6.0_26\jre\lib\charsets.jar;C:\d_drive\devel\jdk1.6.0_26\jre\lib\modules\jdk.boot.jar;C:\d_drive\devel\jdk1.6.0_26\jre\classes"/>
    <property name="java.vendor" value="Sun Microsystems Inc."/>
    <property name="localRepository" value="C:\m2\repository_09Dec"/>
    <property name="file.separator" value="\"/>
    <property name="java.vendor.url.bug" value="http://java.sun.com/cgi-bin/bugreport.cgi"/>
    <property name="sun.cpu.endian" value="little"/>
    <property name="sun.io.unicode.encoding" value="UnicodeLittle"/>
    <property name="sun.desktop" value="windows"/>
    <property name="sun.cpu.isalist" value="amd64"/>
  </properties>
  <testcase time="2,041.488" classname="com.homeshop18.hadoop.test.TestUrlClickCount" name="testMapper">
    <failure message="1 Error(s): (Missing expected output (/product/loadRecommendedProductsForUser, 1) at position 0.)" type="java.lang.AssertionError">java.lang.AssertionError: 1 Error(s): (Missing expected output (/product/loadRecommendedProductsForUser, 1) at position 0.)
	at org.junit.Assert.fail(Assert.java:93)
	at org.apache.hadoop.mrunit.TestDriver.validate(TestDriver.java:294)
	at org.apache.hadoop.mrunit.MapDriverBase.runTest(MapDriverBase.java:151)
	at org.apache.hadoop.mrunit.TestDriver.runTest(TestDriver.java:137)
	at com.homeshop18.hadoop.test.TestUrlClickCount.testMapper(TestUrlClickCount.java:41)
	at sun.reflect.NativeMethodAccessorImpl.invoke0(Native Method)
	at sun.reflect.NativeMethodAccessorImpl.invoke(NativeMethodAccessorImpl.java:39)
	at sun.reflect.DelegatingMethodAccessorImpl.invoke(DelegatingMethodAccessorImpl.java:25)
	at java.lang.reflect.Method.invoke(Method.java:597)
	at org.junit.runners.model.FrameworkMethod$1.runReflectiveCall(FrameworkMethod.java:45)
	at org.junit.internal.runners.model.ReflectiveCallable.run(ReflectiveCallable.java:15)
	at org.junit.runners.model.FrameworkMethod.invokeExplosively(FrameworkMethod.java:42)
	at org.junit.internal.runners.statements.InvokeMethod.evaluate(InvokeMethod.java:20)
	at org.junit.internal.runners.statements.RunBefores.evaluate(RunBefores.java:28)
	at org.junit.runners.ParentRunner.runLeaf(ParentRunner.java:263)
	at org.junit.runners.BlockJUnit4ClassRunner.runChild(BlockJUnit4ClassRunner.java:68)
	at org.junit.runners.BlockJUnit4ClassRunner.runChild(BlockJUnit4ClassRunner.java:47)
	at org.junit.runners.ParentRunner$3.run(ParentRunner.java:231)
	at org.junit.runners.ParentRunner$1.schedule(ParentRunner.java:60)
	at org.junit.runners.ParentRunner.runChildren(ParentRunner.java:229)
	at org.junit.runners.ParentRunner.access$000(ParentRunner.java:50)
	at org.junit.runners.ParentRunner$2.evaluate(ParentRunner.java:222)
	at org.junit.runners.ParentRunner.run(ParentRunner.java:300)
	at org.apache.maven.surefire.junit4.JUnit4TestSet.execute(JUnit4TestSet.java:35)
	at org.apache.maven.surefire.junit4.JUnit4Provider.executeTestSet(JUnit4Provider.java:146)
	at org.apache.maven.surefire.junit4.JUnit4Provider.invoke(JUnit4Provider.java:97)
	at sun.reflect.NativeMethodAccessorImpl.invoke0(Native Method)
	at sun.reflect.NativeMethodAccessorImpl.invoke(NativeMethodAccessorImpl.java:39)
	at sun.reflect.DelegatingMethodAccessorImpl.invoke(DelegatingMethodAccessorImpl.java:25)
	at java.lang.reflect.Method.invoke(Method.java:597)
	at org.apache.maven.surefire.booter.ProviderFactory$ClassLoaderProxy.invoke(ProviderFactory.java:103)
	at $Proxy0.invoke(Unknown Source)
	at org.apache.maven.surefire.booter.SurefireStarter.invokeProvider(SurefireStarter.java:145)
	at org.apache.maven.surefire.booter.SurefireStarter.runSuitesInProcess(SurefireStarter.java:87)
	at org.apache.maven.surefire.booter.ForkedBooter.main(ForkedBooter.java:69)
</failure>
    <system-out>@HL
@HL-------------------------------------------------------
@HL T E S T S
@HL-------------------------------------------------------
@SLRunning com.homeshop18.hadoop.test.TestUrlClickCount
</system-out>
    <system-err>log4j:WARN No appenders could be found for logger (org.apache.hadoop.mrunit.MapDriverBase).
log4j:WARN Please initialize the log4j system properly.
log4j:WARN See http://logging.apache.org/log4j/1.2/faq.html#noconfig for more info.
</system-err>
  </testcase>
  <testcase time="24.204" classname="com.homeshop18.hadoop.test.TestUrlClickCount" name="testReducer">
    <failure message="3 Error(s): (Missing expected output (/product/loadRecommendedProductsForUser, 2) at position 0., Received unexpected output (/product/loadRecommendedProductsForUser, 1) at position 0., Received unexpected output (/product/loadRecommendedProductsForUser, 1) at position 1.)" type="java.lang.AssertionError">java.lang.AssertionError: 3 Error(s): (Missing expected output (/product/loadRecommendedProductsForUser, 2) at position 0., Received unexpected output (/product/loadRecommendedProductsForUser, 1) at position 0., Received unexpected output (/product/loadRecommendedProductsForUser, 1) at position 1.)
	at org.junit.Assert.fail(Assert.java:93)
	at org.apache.hadoop.mrunit.TestDriver.validate(TestDriver.java:294)
	at org.apache.hadoop.mrunit.ReduceDriverBase.runTest(ReduceDriverBase.java:178)
	at org.apache.hadoop.mrunit.TestDriver.runTest(TestDriver.java:137)
	at com.homeshop18.hadoop.test.TestUrlClickCount.testReducer(TestUrlClickCount.java:51)
	at sun.reflect.NativeMethodAccessorImpl.invoke0(Native Method)
	at sun.reflect.NativeMethodAccessorImpl.invoke(NativeMethodAccessorImpl.java:39)
	at sun.reflect.DelegatingMethodAccessorImpl.invoke(DelegatingMethodAccessorImpl.java:25)
	at java.lang.reflect.Method.invoke(Method.java:597)
	at org.junit.runners.model.FrameworkMethod$1.runReflectiveCall(FrameworkMethod.java:45)
	at org.junit.internal.runners.model.ReflectiveCallable.run(ReflectiveCallable.java:15)
	at org.junit.runners.model.FrameworkMethod.invokeExplosively(FrameworkMethod.java:42)
	at org.junit.internal.runners.statements.InvokeMethod.evaluate(InvokeMethod.java:20)
	at org.junit.internal.runners.statements.RunBefores.evaluate(RunBefores.java:28)
	at org.junit.runners.ParentRunner.runLeaf(ParentRunner.java:263)
	at org.junit.runners.BlockJUnit4ClassRunner.runChild(BlockJUnit4ClassRunner.java:68)
	at org.junit.runners.BlockJUnit4ClassRunner.runChild(BlockJUnit4ClassRunner.java:47)
	at org.junit.runners.ParentRunner$3.run(ParentRunner.java:231)
	at org.junit.runners.ParentRunner$1.schedule(ParentRunner.java:60)
	at org.junit.runners.ParentRunner.runChildren(ParentRunner.java:229)
	at org.junit.runners.ParentRunner.access$000(ParentRunner.java:50)
	at org.junit.runners.ParentRunner$2.evaluate(ParentRunner.java:222)
	at org.junit.runners.ParentRunner.run(ParentRunner.java:300)
	at org.apache.maven.surefire.junit4.JUnit4TestSet.execute(JUnit4TestSet.java:35)
	at org.apache.maven.surefire.junit4.JUnit4Provider.executeTestSet(JUnit4Provider.java:146)
	at org.apache.maven.surefire.junit4.JUnit4Provider.invoke(JUnit4Provider.java:97)
	at sun.reflect.NativeMethodAccessorImpl.invoke0(Native Method)
	at sun.reflect.NativeMethodAccessorImpl.invoke(NativeMethodAccessorImpl.java:39)
	at sun.reflect.DelegatingMethodAccessorImpl.invoke(DelegatingMethodAccessorImpl.java:25)
	at java.lang.reflect.Method.invoke(Method.java:597)
	at org.apache.maven.surefire.booter.ProviderFactory$ClassLoaderProxy.invoke(ProviderFactory.java:103)
	at $Proxy0.invoke(Unknown Source)
	at org.apache.maven.surefire.booter.SurefireStarter.invokeProvider(SurefireStarter.java:145)
	at org.apache.maven.surefire.booter.SurefireStarter.runSuitesInProcess(SurefireStarter.java:87)
	at org.apache.maven.surefire.booter.ForkedBooter.main(ForkedBooter.java:69)
</failure>
  </testcase>
</testsuite>